0 verbose cli C:\Program Files\nodejs\node.exe C:\Users\Mithat Kara\AppData\Roaming\npm\node_modules\npm\bin\npm-cli.js
1 info using npm@8.7.0
2 info using node@v16.13.1
3 timing npm:load:whichnode Completed in 0ms
4 timing config:load:defaults Completed in 2ms
5 timing config:load:file:C:\Users\Mithat Kara\AppData\Roaming\npm\node_modules\npm\npmrc Completed in 2ms
6 timing config:load:builtin Completed in 3ms
7 timing config:load:cli Completed in 2ms
8 timing config:load:env Completed in 0ms
9 timing config:load:file:c:\Users\Mithat Kara\OneDrive\Masaüstü\React-Projeler\expense-tracker\.npmrc Completed in 0ms
10 timing config:load:project Completed in 4ms
11 timing config:load:file:C:\Users\Mithat Kara\.npmrc Completed in 1ms
12 timing config:load:user Completed in 1ms
13 timing config:load:file:C:\Users\Mithat Kara\AppData\Roaming\npm\etc\npmrc Completed in 1ms
14 timing config:load:global Completed in 1ms
15 timing config:load:validate Completed in 1ms
16 timing config:load:credentials Completed in 1ms
17 timing config:load:setEnvs Completed in 1ms
18 timing config:load Completed in 16ms
19 timing npm:load:configload Completed in 16ms
20 timing npm:load:mkdirpcache Completed in 1ms
21 timing npm:load:mkdirplogs Completed in 1ms
22 verbose title npm view react-router-dom description dist-tags.latest homepage version
23 verbose argv "view" "--json" "react-router-dom" "description" "dist-tags.latest" "homepage" "version"
24 timing npm:load:setTitle Completed in 1ms
25 timing config:load:flatten Completed in 3ms
26 timing npm:load:display Completed in 4ms
27 verbose logfile logs-max:10 dir:c:\Users\Mithat Kara\OneDrive\Masaüstü\React-Projeler\expense-tracker\_logs
28 verbose logfile c:\Users\Mithat Kara\OneDrive\Masaüstü\React-Projeler\expense-tracker\_logs\2022-04-16T13_09_30_171Z-debug-0.log
29 timing npm:load:logFile Completed in 8ms
30 timing npm:load:timers Completed in 1ms
31 timing npm:load:configScope Completed in 0ms
32 timing npm:load Completed in 32ms
33 silly logfile start cleaning logs, removing 1 files
34 silly logfile done cleaning log files
35 http fetch GET 200 https://registry.npmjs.org/react-router-dom 276ms (cache miss)
36 timing command:view Completed in 291ms
37 verbose exit 0
38 timing npm Completed in 337ms
39 info ok
